\BOOKMARK [1][-]{section.1}{. LaTeX..? LaTeX....}{}% 1
\BOOKMARK [2][-]{subsection.1.1}{.. .. ..}{section.1}% 2
\BOOKMARK [2][-]{subsection.1.2}{LaTeX....}{section.1}% 3
\BOOKMARK [3][-]{subsubsection.1.2.1}{kotexlive ..}{subsection.1.2}% 4
\BOOKMARK [3][-]{subsubsection.1.2.2}{Editor ..}{subsection.1.2}% 5
\BOOKMARK [2][-]{subsection.1.3}{LaTeX. ....}{section.1}% 6
\BOOKMARK [2][-]{subsection.1.4}{LaTeX. .... ..}{section.1}% 7
\BOOKMARK [1][-]{section.2}{LaTeX. ....}{}% 8
\BOOKMARK [2][-]{subsection.2.1}{.... ..}{section.2}% 9
\BOOKMARK [2][-]{subsection.2.2}{LaTeX....}{section.2}% 10
\BOOKMARK [3][-]{subsubsection.2.2.1}{Preamble\(...\)}{subsection.2.2}% 11
\BOOKMARK [3][-]{subsubsection.2.2.2}{Body\(..\)}{subsection.2.2}% 12
\BOOKMARK [2][-]{subsection.2.3}{Hello World!!}{section.2}% 13
\BOOKMARK [2][-]{subsection.2.4}{LaTeX.. ....}{section.2}% 14
\BOOKMARK [3][-]{subsubsection.2.4.1}{. ... ..}{subsection.2.4}% 15
\BOOKMARK [3][-]{subsubsection.2.4.2}{....}{subsection.2.4}% 16
\BOOKMARK [3][-]{subsubsection.2.4.3}{.., .., .. ..}{subsection.2.4}% 17
\BOOKMARK [3][-]{subsubsection.2.4.4}{....}{subsection.2.4}% 18
\BOOKMARK [3][-]{subsubsection.2.4.5}{... ....}{subsection.2.4}% 19
\BOOKMARK [3][-]{subsubsection.2.4.6}{.., .., ...}{subsection.2.4}% 20
\BOOKMARK [3][-]{subsubsection.2.4.7}{Section ...}{subsection.2.4}% 21
\BOOKMARK [1][-]{section.3}{... ... LaTeX}{}% 22
\BOOKMARK [2][-]{subsection.3.1}{.. .. ..}{section.3}% 23
\BOOKMARK [2][-]{subsection.3.2}{.. ....}{section.3}% 24
\BOOKMARK [2][-]{subsection.3.3}{.. ....}{section.3}% 25
\BOOKMARK [2][-]{subsection.3.4}{... ....}{section.3}% 26
\BOOKMARK [2][-]{subsection.3.5}{... ....}{section.3}% 27
\BOOKMARK [1][-]{section.4}{.... ....}{}% 28
\BOOKMARK [2][-]{subsection.4.1}{.... ..}{section.4}% 29
\BOOKMARK [2][-]{subsection.4.2}{.. ....}{section.4}% 30
\BOOKMARK [2][-]{subsection.4.3}{.. ....}{section.4}% 31
\BOOKMARK [2][-]{subsection.4.4}{... .. ....}{section.4}% 32
\BOOKMARK [2][-]{subsection.4.5}{... ....}{section.4}% 33
\BOOKMARK [2][-]{subsection.4.6}{. ....}{section.4}% 34
\BOOKMARK [2][-]{subsection.4.7}{... ..}{section.4}% 35
\BOOKMARK [3][-]{subsubsection.4.7.1}{tikz}{subsection.4.7}% 36
\BOOKMARK [3][-]{subsubsection.4.7.2}{.}{subsection.4.7}% 37
\BOOKMARK [3][-]{subsubsection.4.7.3}{.}{subsection.4.7}% 38
\BOOKMARK [3][-]{subsubsection.4.7.4}{..}{subsection.4.7}% 39
\BOOKMARK [3][-]{subsubsection.4.7.5}{..}{subsection.4.7}% 40
\BOOKMARK [1][-]{section.5}{Advanced Mathematics}{}% 41
\BOOKMARK [2][-]{subsection.5.1}{Equation numbering}{section.5}% 42
\BOOKMARK [3][-]{subsubsection.5.1.1}{Equation numbering}{subsection.5.1}% 43
\BOOKMARK [3][-]{subsubsection.5.1.2}{Equation Referencing}{subsection.5.1}% 44
\BOOKMARK [2][-]{subsection.5.2}{Align Equation}{section.5}% 45
\BOOKMARK [3][-]{subsubsection.5.2.1}{Align}{subsection.5.2}% 46
\BOOKMARK [3][-]{subsubsection.5.2.2}{Aligned braces}{subsection.5.2}% 47
\BOOKMARK [2][-]{subsection.5.3}{Formatting Equations}{section.5}% 48
\BOOKMARK [3][-]{subsubsection.5.3.1}{color}{subsection.5.3}% 49
\BOOKMARK [3][-]{subsubsection.5.3.2}{Fonts}{subsection.5.3}% 50
\BOOKMARK [1][-]{section.6}{Advanced use of LaTeX}{}% 51
\BOOKMARK [2][-]{subsection.6.1}{.. ..}{section.6}% 52
\BOOKMARK [2][-]{subsection.6.2}{customize marking}{section.6}% 53
\BOOKMARK [3][-]{subsubsection.6.2.1}{footnote}{subsection.6.2}% 54
\BOOKMARK [3][-]{subsubsection.6.2.2}{section}{subsection.6.2}% 55
\BOOKMARK [2][-]{subsection.6.3}{referencing}{section.6}% 56
\BOOKMARK [2][-]{subsection.6.4}{algorithms}{section.6}% 57
\BOOKMARK [2][-]{subsection.6.5}{source code}{section.6}% 58
